2019-02-22 09:47:47,486 DEBUG [restartedMain] com.anshare.project.Application [StartupInfoLogger.java : 53] Running with Spring Boot v2.0.3.RELEASE, Spring v5.0.7.RELEASE
2019-02-22 09:48:28,862 DEBUG [http-nio-8085-exec-7] c.a.p.d.U.selectByCondition [BaseJdbcLogger.java : 159] ==>  Preparing: SELECT ID,DeptID,RoleID,UserName,Password,RealName,Rank,IsDeleted,Timestamp FROM users WHERE ( UserName = ? and Password = ? ) 
2019-02-22 09:48:28,881 DEBUG [http-nio-8085-exec-7] c.a.p.d.U.selectByCondition [BaseJdbcLogger.java : 159] ==> Parameters: admin(String), AdminAnshare(String)
2019-02-22 09:48:28,917 DEBUG [http-nio-8085-exec-7] c.a.p.d.U.selectByCondition [BaseJdbcLogger.java : 159] <==      Total: 0
2019-02-22 09:48:30,025 DEBUG [http-nio-8085-exec-7] c.a.p.dao.LogMapper.insertSelective [BaseJdbcLogger.java : 159] ==>  Preparing: INSERT INTO log ( ID,UserID,OptTime,IsDeleted,Timestamp,Region,Account,OptType,Content ) VALUES( ?,?,?,?,?,?,?,?,? ) 
2019-02-22 09:48:30,028 DEBUG [http-nio-8085-exec-7] c.a.p.dao.LogMapper.insertSelective [BaseJdbcLogger.java : 159] ==> Parameters: 8e84ef7f-16b8-45e2-8760-0258a1f46f13(String), admin(String), 2019-02-22 09:48:28(String), false(Boolean), 2019-02-22 09:48:30.022(Timestamp), 登陆系统(String), com.anshare.project.controller.LoginController.login(String), 0(String), admin,AdminAnshare,SecurityContextHolderAwareRequestWrapper[ FirewalledRequest[ org.apache.catalina.connector.RequestFacade@a954b5d]],com.alibaba.druid.support.http.WebStatFilter$StatHttpServletResponseWrapper@226d675f(String)
2019-02-22 09:48:30,122 DEBUG [http-nio-8085-exec-7] c.a.p.dao.LogMapper.insertSelective [BaseJdbcLogger.java : 159] <==    Updates: 1
2019-02-22 09:48:30,128 DEBUG [http-nio-8085-exec-7] c.a.p.d.L.insertSelective!selectKey [BaseJdbcLogger.java : 159] ==>  Executing: SELECT LAST_INSERT_ID() 
2019-02-22 09:48:30,159 DEBUG [http-nio-8085-exec-7] c.a.p.d.L.insertSelective!selectKey [BaseJdbcLogger.java : 159] <==      Total: 1
2019-02-22 09:48:42,954 DEBUG [http-nio-8085-exec-2] c.a.p.d.U.selectByCondition [BaseJdbcLogger.java : 159] ==>  Preparing: SELECT ID,DeptID,RoleID,UserName,Password,RealName,Rank,IsDeleted,Timestamp FROM users WHERE ( UserName = ? and Password = ? ) 
2019-02-22 09:48:42,957 DEBUG [http-nio-8085-exec-2] c.a.p.d.U.selectByCondition [BaseJdbcLogger.java : 159] ==> Parameters: admin(String), AnshareAdmin(String)
2019-02-22 09:48:42,959 DEBUG [http-nio-8085-exec-2] c.a.p.d.U.selectByCondition [BaseJdbcLogger.java : 159] <==      Total: 1
2019-02-22 09:48:42,965 DEBUG [http-nio-8085-exec-2] c.a.p.d.R.selectByPrimaryKey [BaseJdbcLogger.java : 159] ==>  Preparing: SELECT ID,RoleAuthName,HomePage,Rank,IsDeleted,Timestamp,RoleName FROM role WHERE ID = ? 
2019-02-22 09:48:42,966 DEBUG [http-nio-8085-exec-2] c.a.p.d.R.selectByPrimaryKey [BaseJdbcLogger.java : 159] ==> Parameters: 00000000-1000-0000-0000-000000000000(String)
2019-02-22 09:48:43,011 DEBUG [http-nio-8085-exec-2] c.a.p.d.R.selectByPrimaryKey [BaseJdbcLogger.java : 159] <==      Total: 1
2019-02-22 09:48:43,011 DEBUG [http-nio-8085-exec-6] c.a.p.d.U.selectByCondition [BaseJdbcLogger.java : 159] ==>  Preparing: SELECT ID,DeptID,RoleID,UserName,Password,RealName,Rank,IsDeleted,Timestamp FROM users WHERE ( UserName = ? and Password = ? ) 
2019-02-22 09:48:43,012 DEBUG [http-nio-8085-exec-6] c.a.p.d.U.selectByCondition [BaseJdbcLogger.java : 159] ==> Parameters: admin(String), AnshareAdmin(String)
2019-02-22 09:48:43,019 DEBUG [http-nio-8085-exec-6] c.a.p.d.U.selectByCondition [BaseJdbcLogger.java : 159] <==      Total: 1
2019-02-22 09:48:43,021 DEBUG [http-nio-8085-exec-6] c.a.p.d.R.selectByPrimaryKey [BaseJdbcLogger.java : 159] ==>  Preparing: SELECT ID,RoleAuthName,HomePage,Rank,IsDeleted,Timestamp,RoleName FROM role WHERE ID = ? 
2019-02-22 09:48:43,022 DEBUG [http-nio-8085-exec-6] c.a.p.d.R.selectByPrimaryKey [BaseJdbcLogger.java : 159] ==> Parameters: 00000000-1000-0000-0000-000000000000(String)
2019-02-22 09:48:43,026 DEBUG [http-nio-8085-exec-6] c.a.p.d.R.selectByPrimaryKey [BaseJdbcLogger.java : 159] <==      Total: 1
2019-02-22 09:48:43,742 DEBUG [http-nio-8085-exec-6] c.a.p.dao.LogMapper.insertSelective [BaseJdbcLogger.java : 159] ==>  Preparing: INSERT INTO log ( ID,UserID,OptTime,IsDeleted,Timestamp,Region,Account,OptType,Content ) VALUES( ?,?,?,?,?,?,?,?,? ) 
2019-02-22 09:48:43,743 DEBUG [http-nio-8085-exec-2] c.a.p.dao.LogMapper.insertSelective [BaseJdbcLogger.java : 159] ==>  Preparing: INSERT INTO log ( ID,UserID,OptTime,IsDeleted,Timestamp,Region,Account,OptType,Content ) VALUES( ?,?,?,?,?,?,?,?,? ) 
2019-02-22 09:48:43,745 DEBUG [http-nio-8085-exec-6] c.a.p.dao.LogMapper.insertSelective [BaseJdbcLogger.java : 159] ==> Parameters: ae35edce-5a0a-4faa-9b21-f27cc73d1070(String), admin(String), 2019-02-22 09:48:43(String), false(Boolean), 2019-02-22 09:48:43.742(Timestamp), 登陆系统(String), com.anshare.project.controller.LoginController.login(String), 0(String), admin,AnshareAdmin,SecurityContextHolderAwareRequestWrapper[ FirewalledRequest[ org.apache.catalina.connector.RequestFacade@93deaea]],com.alibaba.druid.support.http.WebStatFilter$StatHttpServletResponseWrapper@4d57a526(String)
2019-02-22 09:48:43,745 DEBUG [http-nio-8085-exec-2] c.a.p.dao.LogMapper.insertSelective [BaseJdbcLogger.java : 159] ==> Parameters: b0d256bf-b58a-441e-a6ca-68a7ea95fa21(String), admin(String), 2019-02-22 09:48:43(String), false(Boolean), 2019-02-22 09:48:43.742(Timestamp), 登陆系统(String), com.anshare.project.controller.LoginController.login(String), 0(String), admin,AnshareAdmin,SecurityContextHolderAwareRequestWrapper[ FirewalledRequest[ org.apache.catalina.connector.RequestFacade@a954b5d]],com.alibaba.druid.support.http.WebStatFilter$StatHttpServletResponseWrapper@52d45b4a(String)
2019-02-22 09:48:43,781 DEBUG [http-nio-8085-exec-2] c.a.p.dao.LogMapper.insertSelective [BaseJdbcLogger.java : 159] <==    Updates: 1
2019-02-22 09:48:43,783 DEBUG [http-nio-8085-exec-2] c.a.p.d.L.insertSelective!selectKey [BaseJdbcLogger.java : 159] ==>  Executing: SELECT LAST_INSERT_ID() 
2019-02-22 09:48:43,784 DEBUG [http-nio-8085-exec-2] c.a.p.d.L.insertSelective!selectKey [BaseJdbcLogger.java : 159] <==      Total: 1
2019-02-22 09:48:43,797 DEBUG [http-nio-8085-exec-6] c.a.p.dao.LogMapper.insertSelective [BaseJdbcLogger.java : 159] <==    Updates: 1
2019-02-22 09:48:43,798 DEBUG [http-nio-8085-exec-6] c.a.p.d.L.insertSelective!selectKey [BaseJdbcLogger.java : 159] ==>  Executing: SELECT LAST_INSERT_ID() 
2019-02-22 09:48:43,800 DEBUG [http-nio-8085-exec-6] c.a.p.d.L.insertSelective!selectKey [BaseJdbcLogger.java : 159] <==      Total: 1
2019-02-22 10:11:48,326 DEBUG [restartedMain] com.anshare.project.Application [StartupInfoLogger.java : 53] Running with Spring Boot v2.0.3.RELEASE, Spring v5.0.7.RELEASE
2019-02-22 10:12:45,635 DEBUG [restartedMain] com.anshare.project.Application [StartupInfoLogger.java : 53] Running with Spring Boot v2.0.3.RELEASE, Spring v5.0.7.RELEASE
2019-02-22 10:13:23,972 DEBUG [http-nio-8085-exec-2] c.a.p.d.U.selectByCondition [BaseJdbcLogger.java : 159] ==>  Preparing: SELECT ID,DeptID,RoleID,UserName,Password,RealName,Rank,IsDeleted,Timestamp FROM users WHERE ( UserName = ? and Password = ? ) 
2019-02-22 10:13:23,990 DEBUG [http-nio-8085-exec-2] c.a.p.d.U.selectByCondition [BaseJdbcLogger.java : 159] ==> Parameters: admin(String), AnshareAdmin(String)
2019-02-22 10:13:24,014 DEBUG [http-nio-8085-exec-2] c.a.p.d.U.selectByCondition [BaseJdbcLogger.java : 159] <==      Total: 1
2019-02-22 10:13:24,019 DEBUG [http-nio-8085-exec-2] c.a.p.d.R.selectByPrimaryKey [BaseJdbcLogger.java : 159] ==>  Preparing: SELECT ID,RoleAuthName,HomePage,Rank,IsDeleted,Timestamp,RoleName FROM role WHERE ID = ? 
2019-02-22 10:13:24,020 DEBUG [http-nio-8085-exec-2] c.a.p.d.R.selectByPrimaryKey [BaseJdbcLogger.java : 159] ==> Parameters: 00000000-1000-0000-0000-000000000000(String)
2019-02-22 10:13:24,025 DEBUG [http-nio-8085-exec-2] c.a.p.d.R.selectByPrimaryKey [BaseJdbcLogger.java : 159] <==      Total: 1
2019-02-22 10:13:25,742 DEBUG [http-nio-8085-exec-2] c.a.p.dao.LogMapper.insertSelective [BaseJdbcLogger.java : 159] ==>  Preparing: INSERT INTO log ( ID,UserID,OptTime,IsDeleted,Timestamp,Region,Account,OptType,Content ) VALUES( ?,?,?,?,?,?,?,?,? ) 
2019-02-22 10:13:25,746 DEBUG [http-nio-8085-exec-2] c.a.p.dao.LogMapper.insertSelective [BaseJdbcLogger.java : 159] ==> Parameters: f7c3133b-8c16-4cef-a3b3-41feff7e9809(String), admin(String), 2019-02-22 10:13:25(String), false(Boolean), 2019-02-22 10:13:25.739(Timestamp), 登陆系统(String), com.anshare.project.controller.LoginController.login(String), 0(String), admin,AnshareAdmin,SecurityContextHolderAwareRequestWrapper[ FirewalledRequest[ org.apache.catalina.connector.RequestFacade@393c316b]],com.alibaba.druid.support.http.WebStatFilter$StatHttpServletResponseWrapper@5202f03e(String)
2019-02-22 10:13:25,835 DEBUG [http-nio-8085-exec-2] c.a.p.dao.LogMapper.insertSelective [BaseJdbcLogger.java : 159] <==    Updates: 1
2019-02-22 10:13:25,840 DEBUG [http-nio-8085-exec-2] c.a.p.d.L.insertSelective!selectKey [BaseJdbcLogger.java : 159] ==>  Executing: SELECT LAST_INSERT_ID() 
2019-02-22 10:13:25,841 DEBUG [http-nio-8085-exec-2] c.a.p.d.L.insertSelective!selectKey [BaseJdbcLogger.java : 159] <==      Total: 1
2019-02-22 10:19:43,242 DEBUG [restartedMain] com.anshare.project.Application [StartupInfoLogger.java : 53] Running with Spring Boot v2.0.3.RELEASE, Spring v5.0.7.RELEASE
2019-02-22 10:20:21,404 DEBUG [http-nio-8085-exec-9] c.a.p.d.U.selectByCondition [BaseJdbcLogger.java : 159] ==>  Preparing: SELECT ID,DeptID,RoleID,UserName,Password,RealName,Rank,IsDeleted,Timestamp FROM users WHERE ( UserName = ? and Password = ? ) 
2019-02-22 10:20:21,423 DEBUG [http-nio-8085-exec-9] c.a.p.d.U.selectByCondition [BaseJdbcLogger.java : 159] ==> Parameters: admin(String), AnshareAdmin(String)
2019-02-22 10:20:21,442 DEBUG [http-nio-8085-exec-9] c.a.p.d.U.selectByCondition [BaseJdbcLogger.java : 159] <==      Total: 1
2019-02-22 10:20:21,447 DEBUG [http-nio-8085-exec-9] c.a.p.d.R.selectByPrimaryKey [BaseJdbcLogger.java : 159] ==>  Preparing: SELECT ID,RoleAuthName,HomePage,Rank,IsDeleted,Timestamp,RoleName FROM role WHERE ID = ? 
2019-02-22 10:20:21,448 DEBUG [http-nio-8085-exec-9] c.a.p.d.R.selectByPrimaryKey [BaseJdbcLogger.java : 159] ==> Parameters: 00000000-1000-0000-0000-000000000000(String)
2019-02-22 10:20:21,453 DEBUG [http-nio-8085-exec-9] c.a.p.d.R.selectByPrimaryKey [BaseJdbcLogger.java : 159] <==      Total: 1
2019-02-22 10:20:22,970 DEBUG [http-nio-8085-exec-9] c.a.p.dao.LogMapper.insertSelective [BaseJdbcLogger.java : 159] ==>  Preparing: INSERT INTO log ( ID,UserID,OptTime,IsDeleted,Timestamp,Region,Account,OptType,Content ) VALUES( ?,?,?,?,?,?,?,?,? ) 
2019-02-22 10:20:22,973 DEBUG [http-nio-8085-exec-9] c.a.p.dao.LogMapper.insertSelective [BaseJdbcLogger.java : 159] ==> Parameters: 4ae24d1c-fd98-466d-ba68-31ec7d025b17(String), admin(String), 2019-02-22 10:20:22(String), false(Boolean), 2019-02-22 10:20:22.967(Timestamp), 登陆系统(String), com.anshare.project.controller.LoginController.login(String), 0(String), admin,AnshareAdmin,SecurityContextHolderAwareRequestWrapper[ FirewalledRequest[ org.apache.catalina.connector.RequestFacade@69ee3f8a]],com.alibaba.druid.support.http.WebStatFilter$StatHttpServletResponseWrapper@2a329e8e(String)
2019-02-22 10:20:23,022 DEBUG [http-nio-8085-exec-9] c.a.p.dao.LogMapper.insertSelective [BaseJdbcLogger.java : 159] <==    Updates: 1
2019-02-22 10:20:23,026 DEBUG [http-nio-8085-exec-9] c.a.p.d.L.insertSelective!selectKey [BaseJdbcLogger.java : 159] ==>  Executing: SELECT LAST_INSERT_ID() 
2019-02-22 10:20:23,027 DEBUG [http-nio-8085-exec-9] c.a.p.d.L.insertSelective!selectKey [BaseJdbcLogger.java : 159] <==      Total: 1
2019-02-22 10:30:41,795 DEBUG [restartedMain] com.anshare.project.Application [StartupInfoLogger.java : 53] Running with Spring Boot v2.0.3.RELEASE, Spring v5.0.7.RELEASE
2019-02-22 10:31:14,771 DEBUG [http-nio-8085-exec-9] c.a.p.d.U.selectByCondition [BaseJdbcLogger.java : 159] ==>  Preparing: SELECT ID,DeptID,RoleID,UserName,Password,RealName,Rank,IsDeleted,Timestamp FROM users WHERE ( UserName = ? and Password = ? ) 
2019-02-22 10:31:14,790 DEBUG [http-nio-8085-exec-9] c.a.p.d.U.selectByCondition [BaseJdbcLogger.java : 159] ==> Parameters: admin(String), AnshareAdmin(String)
2019-02-22 10:31:14,808 DEBUG [http-nio-8085-exec-9] c.a.p.d.U.selectByCondition [BaseJdbcLogger.java : 159] <==      Total: 1
2019-02-22 10:31:14,813 DEBUG [http-nio-8085-exec-9] c.a.p.d.R.selectByPrimaryKey [BaseJdbcLogger.java : 159] ==>  Preparing: SELECT ID,RoleAuthName,HomePage,Rank,IsDeleted,Timestamp,RoleName FROM role WHERE ID = ? 
2019-02-22 10:31:14,814 DEBUG [http-nio-8085-exec-9] c.a.p.d.R.selectByPrimaryKey [BaseJdbcLogger.java : 159] ==> Parameters: 00000000-1000-0000-0000-000000000000(String)
2019-02-22 10:31:14,819 DEBUG [http-nio-8085-exec-9] c.a.p.d.R.selectByPrimaryKey [BaseJdbcLogger.java : 159] <==      Total: 1
2019-02-22 10:31:16,290 DEBUG [http-nio-8085-exec-9] c.a.p.dao.LogMapper.insertSelective [BaseJdbcLogger.java : 159] ==>  Preparing: INSERT INTO log ( ID,UserID,OptTime,IsDeleted,Timestamp,Region,Account,OptType,Content ) VALUES( ?,?,?,?,?,?,?,?,? ) 
2019-02-22 10:31:16,293 DEBUG [http-nio-8085-exec-9] c.a.p.dao.LogMapper.insertSelective [BaseJdbcLogger.java : 159] ==> Parameters: 6d8e0884-8a19-492c-9a16-bf1cc4b9ac21(String), admin(String), 2019-02-22 10:31:16(String), false(Boolean), 2019-02-22 10:31:16.287(Timestamp), 登陆系统(String), com.anshare.project.controller.LoginController.login(String), 0(String), admin,AnshareAdmin,SecurityContextHolderAwareRequestWrapper[ FirewalledRequest[ org.apache.catalina.connector.RequestFacade@4dc70b5b]],com.alibaba.druid.support.http.WebStatFilter$StatHttpServletResponseWrapper@3a623fd4(String)
2019-02-22 10:31:16,325 DEBUG [http-nio-8085-exec-9] c.a.p.dao.LogMapper.insertSelective [BaseJdbcLogger.java : 159] <==    Updates: 1
2019-02-22 10:31:16,328 DEBUG [http-nio-8085-exec-9] c.a.p.d.L.insertSelective!selectKey [BaseJdbcLogger.java : 159] ==>  Executing: SELECT LAST_INSERT_ID() 
2019-02-22 10:31:16,330 DEBUG [http-nio-8085-exec-9] c.a.p.d.L.insertSelective!selectKey [BaseJdbcLogger.java : 159] <==      Total: 1
2019-02-22 10:36:25,117 DEBUG [restartedMain] com.anshare.project.Application [StartupInfoLogger.java : 53] Running with Spring Boot v2.0.3.RELEASE, Spring v5.0.7.RELEASE
2019-02-22 10:37:22,571 DEBUG [http-nio-8085-exec-4] c.a.p.d.U.selectByCondition [BaseJdbcLogger.java : 159] ==>  Preparing: SELECT ID,DeptID,RoleID,UserName,Password,RealName,Rank,IsDeleted,Timestamp FROM users WHERE ( UserName = ? and Password = ? ) 
2019-02-22 10:37:22,590 DEBUG [http-nio-8085-exec-4] c.a.p.d.U.selectByCondition [BaseJdbcLogger.java : 159] ==> Parameters: admin(String), AnshareAdmin(String)
2019-02-22 10:37:22,607 DEBUG [http-nio-8085-exec-4] c.a.p.d.U.selectByCondition [BaseJdbcLogger.java : 159] <==      Total: 1
2019-02-22 10:37:22,612 DEBUG [http-nio-8085-exec-4] c.a.p.d.R.selectByPrimaryKey [BaseJdbcLogger.java : 159] ==>  Preparing: SELECT ID,RoleAuthName,HomePage,Rank,IsDeleted,Timestamp,RoleName FROM role WHERE ID = ? 
2019-02-22 10:37:22,613 DEBUG [http-nio-8085-exec-4] c.a.p.d.R.selectByPrimaryKey [BaseJdbcLogger.java : 159] ==> Parameters: 00000000-1000-0000-0000-000000000000(String)
2019-02-22 10:37:22,618 DEBUG [http-nio-8085-exec-4] c.a.p.d.R.selectByPrimaryKey [BaseJdbcLogger.java : 159] <==      Total: 1
2019-02-22 10:37:24,142 DEBUG [http-nio-8085-exec-4] c.a.p.dao.LogMapper.insertSelective [BaseJdbcLogger.java : 159] ==>  Preparing: INSERT INTO log ( ID,UserID,OptTime,IsDeleted,Timestamp,Region,Account,OptType,Content ) VALUES( ?,?,?,?,?,?,?,?,? ) 
2019-02-22 10:37:24,146 DEBUG [http-nio-8085-exec-4] c.a.p.dao.LogMapper.insertSelective [BaseJdbcLogger.java : 159] ==> Parameters: 1d69ac03-ccc4-43d3-991d-80ef8b5744ce(String), admin(String), 2019-02-22 10:37:24(String), false(Boolean), 2019-02-22 10:37:24.14(Timestamp), 登陆系统(String), com.anshare.project.controller.LoginController.login(String), 0(String), admin,AnshareAdmin,SecurityContextHolderAwareRequestWrapper[ FirewalledRequest[ org.apache.catalina.connector.RequestFacade@22230541]],com.alibaba.druid.support.http.WebStatFilter$StatHttpServletResponseWrapper@244865fc(String)
2019-02-22 10:37:24,209 DEBUG [http-nio-8085-exec-4] c.a.p.dao.LogMapper.insertSelective [BaseJdbcLogger.java : 159] <==    Updates: 1
2019-02-22 10:37:24,213 DEBUG [http-nio-8085-exec-4] c.a.p.d.L.insertSelective!selectKey [BaseJdbcLogger.java : 159] ==>  Executing: SELECT LAST_INSERT_ID() 
2019-02-22 10:37:24,214 DEBUG [http-nio-8085-exec-4] c.a.p.d.L.insertSelective!selectKey [BaseJdbcLogger.java : 159] <==      Total: 1
2019-02-22 10:41:09,666 DEBUG [restartedMain] com.anshare.project.Application [StartupInfoLogger.java : 53] Running with Spring Boot v2.0.3.RELEASE, Spring v5.0.7.RELEASE
2019-02-22 10:41:52,104 DEBUG [http-nio-8085-exec-5] c.a.p.d.U.selectByCondition [BaseJdbcLogger.java : 159] ==>  Preparing: SELECT ID,DeptID,RoleID,UserName,Password,RealName,Rank,IsDeleted,Timestamp FROM users WHERE ( UserName = ? and Password = ? ) 
2019-02-22 10:41:52,123 DEBUG [http-nio-8085-exec-5] c.a.p.d.U.selectByCondition [BaseJdbcLogger.java : 159] ==> Parameters: admin(String), AnshareAdmin(String)
2019-02-22 10:41:52,148 DEBUG [http-nio-8085-exec-5] c.a.p.d.U.selectByCondition [BaseJdbcLogger.java : 159] <==      Total: 1
2019-02-22 10:41:52,154 DEBUG [http-nio-8085-exec-5] c.a.p.d.R.selectByPrimaryKey [BaseJdbcLogger.java : 159] ==>  Preparing: SELECT ID,RoleAuthName,HomePage,Rank,IsDeleted,Timestamp,RoleName FROM role WHERE ID = ? 
2019-02-22 10:41:52,154 DEBUG [http-nio-8085-exec-5] c.a.p.d.R.selectByPrimaryKey [BaseJdbcLogger.java : 159] ==> Parameters: 00000000-1000-0000-0000-000000000000(String)
2019-02-22 10:41:52,159 DEBUG [http-nio-8085-exec-5] c.a.p.d.R.selectByPrimaryKey [BaseJdbcLogger.java : 159] <==      Total: 1
2019-02-22 10:41:53,679 DEBUG [http-nio-8085-exec-5] c.a.p.dao.LogMapper.insertSelective [BaseJdbcLogger.java : 159] ==>  Preparing: INSERT INTO log ( ID,UserID,OptTime,IsDeleted,Timestamp,Region,Account,OptType,Content ) VALUES( ?,?,?,?,?,?,?,?,? ) 
2019-02-22 10:41:53,682 DEBUG [http-nio-8085-exec-5] c.a.p.dao.LogMapper.insertSelective [BaseJdbcLogger.java : 159] ==> Parameters: 199f2c32-37df-4313-9d81-497dbd1ee6ab(String), admin(String), 2019-02-22 10:41:53(String), false(Boolean), 2019-02-22 10:41:53.676(Timestamp), 登陆系统(String), com.anshare.project.controller.LoginController.login(String), 0(String), admin,AnshareAdmin,SecurityContextHolderAwareRequestWrapper[ FirewalledRequest[ org.apache.catalina.connector.RequestFacade@6af9207f]],com.alibaba.druid.support.http.WebStatFilter$StatHttpServletResponseWrapper@10445888(String)
2019-02-22 10:41:53,744 DEBUG [http-nio-8085-exec-5] c.a.p.dao.LogMapper.insertSelective [BaseJdbcLogger.java : 159] <==    Updates: 1
2019-02-22 10:41:53,748 DEBUG [http-nio-8085-exec-5] c.a.p.d.L.insertSelective!selectKey [BaseJdbcLogger.java : 159] ==>  Executing: SELECT LAST_INSERT_ID() 
2019-02-22 10:41:53,749 DEBUG [http-nio-8085-exec-5] c.a.p.d.L.insertSelective!selectKey [BaseJdbcLogger.java : 159] <==      Total: 1
2019-02-22 11:20:47,312 DEBUG [restartedMain] com.anshare.project.Application [StartupInfoLogger.java : 53] Running with Spring Boot v2.0.3.RELEASE, Spring v5.0.7.RELEASE
2019-02-22 11:21:26,508 DEBUG [http-nio-8085-exec-4] c.a.p.d.U.selectByCondition [BaseJdbcLogger.java : 159] ==>  Preparing: SELECT ID,DeptID,RoleID,UserName,Password,RealName,Rank,IsDeleted,Timestamp FROM users WHERE ( UserName = ? and Password = ? ) 
2019-02-22 11:21:26,527 DEBUG [http-nio-8085-exec-4] c.a.p.d.U.selectByCondition [BaseJdbcLogger.java : 159] ==> Parameters: admin(String), AnshareAdmin(String)
2019-02-22 11:21:26,545 DEBUG [http-nio-8085-exec-4] c.a.p.d.U.selectByCondition [BaseJdbcLogger.java : 159] <==      Total: 1
2019-02-22 11:21:26,550 DEBUG [http-nio-8085-exec-4] c.a.p.d.R.selectByPrimaryKey [BaseJdbcLogger.java : 159] ==>  Preparing: SELECT ID,RoleAuthName,HomePage,Rank,IsDeleted,Timestamp,RoleName FROM role WHERE ID = ? 
2019-02-22 11:21:26,551 DEBUG [http-nio-8085-exec-4] c.a.p.d.R.selectByPrimaryKey [BaseJdbcLogger.java : 159] ==> Parameters: 00000000-1000-0000-0000-000000000000(String)
2019-02-22 11:21:26,556 DEBUG [http-nio-8085-exec-4] c.a.p.d.R.selectByPrimaryKey [BaseJdbcLogger.java : 159] <==      Total: 1
2019-02-22 11:21:28,056 DEBUG [http-nio-8085-exec-4] c.a.p.dao.LogMapper.insertSelective [BaseJdbcLogger.java : 159] ==>  Preparing: INSERT INTO log ( ID,UserID,OptTime,IsDeleted,Timestamp,Region,Account,OptType,Content ) VALUES( ?,?,?,?,?,?,?,?,? ) 
2019-02-22 11:21:28,059 DEBUG [http-nio-8085-exec-4] c.a.p.dao.LogMapper.insertSelective [BaseJdbcLogger.java : 159] ==> Parameters: 228a4441-8adf-47ff-8ad2-744c3d4583ef(String), admin(String), 2019-02-22 11:21:28(String), false(Boolean), 2019-02-22 11:21:28.054(Timestamp), 登陆系统(String), com.anshare.project.controller.LoginController.login(String), 0(String), admin,AnshareAdmin,SecurityContextHolderAwareRequestWrapper[ FirewalledRequest[ org.apache.catalina.connector.RequestFacade@36f069e1]],com.alibaba.druid.support.http.WebStatFilter$StatHttpServletResponseWrapper@740fca9a(String)
2019-02-22 11:21:28,108 DEBUG [http-nio-8085-exec-4] c.a.p.dao.LogMapper.insertSelective [BaseJdbcLogger.java : 159] <==    Updates: 1
2019-02-22 11:21:28,112 DEBUG [http-nio-8085-exec-4] c.a.p.d.L.insertSelective!selectKey [BaseJdbcLogger.java : 159] ==>  Executing: SELECT LAST_INSERT_ID() 
2019-02-22 11:21:28,114 DEBUG [http-nio-8085-exec-4] c.a.p.d.L.insertSelective!selectKey [BaseJdbcLogger.java : 159] <==      Total: 1
2019-02-22 12:06:41,239 DEBUG [restartedMain] com.anshare.project.Application [StartupInfoLogger.java : 53] Running with Spring Boot v2.0.3.RELEASE, Spring v5.0.7.RELEASE
2019-02-22 12:07:23,061 DEBUG [restartedMain] com.anshare.project.Application [StartupInfoLogger.java : 53] Running with Spring Boot v2.0.3.RELEASE, Spring v5.0.7.RELEASE
2019-02-22 12:08:30,397 DEBUG [http-nio-8085-exec-6] c.a.p.d.U.selectByCondition [BaseJdbcLogger.java : 159] ==>  Preparing: SELECT ID,DeptID,RoleID,UserName,Password,RealName,Rank,IsDeleted,Timestamp FROM users WHERE ( UserName = ? and Password = ? ) 
2019-02-22 12:08:30,414 DEBUG [http-nio-8085-exec-6] c.a.p.d.U.selectByCondition [BaseJdbcLogger.java : 159] ==> Parameters: admin(String), AnshareAdmin(String)
2019-02-22 12:08:30,432 DEBUG [http-nio-8085-exec-6] c.a.p.d.U.selectByCondition [BaseJdbcLogger.java : 159] <==      Total: 1
2019-02-22 12:08:30,438 DEBUG [http-nio-8085-exec-6] c.a.p.d.R.selectByPrimaryKey [BaseJdbcLogger.java : 159] ==>  Preparing: SELECT ID,RoleAuthName,HomePage,Rank,IsDeleted,Timestamp,RoleName FROM role WHERE ID = ? 
2019-02-22 12:08:30,439 DEBUG [http-nio-8085-exec-6] c.a.p.d.R.selectByPrimaryKey [BaseJdbcLogger.java : 159] ==> Parameters: 00000000-1000-0000-0000-000000000000(String)
2019-02-22 12:08:30,443 DEBUG [http-nio-8085-exec-6] c.a.p.d.R.selectByPrimaryKey [BaseJdbcLogger.java : 159] <==      Total: 1
2019-02-22 12:08:31,964 DEBUG [http-nio-8085-exec-6] c.a.p.dao.LogMapper.insertSelective [BaseJdbcLogger.java : 159] ==>  Preparing: INSERT INTO log ( ID,UserID,OptTime,IsDeleted,Timestamp,Region,Account,OptType,Content ) VALUES( ?,?,?,?,?,?,?,?,? ) 
2019-02-22 12:08:31,967 DEBUG [http-nio-8085-exec-6] c.a.p.dao.LogMapper.insertSelective [BaseJdbcLogger.java : 159] ==> Parameters: 916cbcb0-6c6b-47ba-a7a4-e34693634880(String), admin(String), 2019-02-22 12:08:31(String), false(Boolean), 2019-02-22 12:08:31.961(Timestamp), 登陆系统(String), com.anshare.project.controller.LoginController.login(String), 0(String), admin,AnshareAdmin,SecurityContextHolderAwareRequestWrapper[ FirewalledRequest[ org.apache.catalina.connector.RequestFacade@4788b7f9]],com.alibaba.druid.support.http.WebStatFilter$StatHttpServletResponseWrapper@644175e0(String)
2019-02-22 12:08:32,003 DEBUG [http-nio-8085-exec-6] c.a.p.dao.LogMapper.insertSelective [BaseJdbcLogger.java : 159] <==    Updates: 1
2019-02-22 12:08:32,007 DEBUG [http-nio-8085-exec-6] c.a.p.d.L.insertSelective!selectKey [BaseJdbcLogger.java : 159] ==>  Executing: SELECT LAST_INSERT_ID() 
2019-02-22 12:08:32,008 DEBUG [http-nio-8085-exec-6] c.a.p.d.L.insertSelective!selectKey [BaseJdbcLogger.java : 159] <==      Total: 1
2019-02-22 12:37:31,200 DEBUG [restartedMain] com.anshare.project.Application [StartupInfoLogger.java : 53] Running with Spring Boot v2.0.3.RELEASE, Spring v5.0.7.RELEASE
2019-02-22 12:38:12,541 DEBUG [http-nio-8085-exec-4] c.a.p.d.U.selectByCondition [BaseJdbcLogger.java : 159] ==>  Preparing: SELECT ID,DeptID,RoleID,UserName,Password,RealName,Rank,IsDeleted,Timestamp FROM users WHERE ( UserName = ? and Password = ? ) 
2019-02-22 12:38:12,560 DEBUG [http-nio-8085-exec-4] c.a.p.d.U.selectByCondition [BaseJdbcLogger.java : 159] ==> Parameters: admin(String), AnshareAdmin(String)
2019-02-22 12:38:12,578 DEBUG [http-nio-8085-exec-4] c.a.p.d.U.selectByCondition [BaseJdbcLogger.java : 159] <==      Total: 1
2019-02-22 12:38:12,584 DEBUG [http-nio-8085-exec-4] c.a.p.d.R.selectByPrimaryKey [BaseJdbcLogger.java : 159] ==>  Preparing: SELECT ID,RoleAuthName,HomePage,Rank,IsDeleted,Timestamp,RoleName FROM role WHERE ID = ? 
2019-02-22 12:38:12,585 DEBUG [http-nio-8085-exec-4] c.a.p.d.R.selectByPrimaryKey [BaseJdbcLogger.java : 159] ==> Parameters: 00000000-1000-0000-0000-000000000000(String)
2019-02-22 12:38:12,589 DEBUG [http-nio-8085-exec-4] c.a.p.d.R.selectByPrimaryKey [BaseJdbcLogger.java : 159] <==      Total: 1
2019-02-22 12:38:14,097 DEBUG [http-nio-8085-exec-4] c.a.p.dao.LogMapper.insertSelective [BaseJdbcLogger.java : 159] ==>  Preparing: INSERT INTO log ( ID,UserID,OptTime,IsDeleted,Timestamp,Region,Account,OptType,Content ) VALUES( ?,?,?,?,?,?,?,?,? ) 
2019-02-22 12:38:14,100 DEBUG [http-nio-8085-exec-4] c.a.p.dao.LogMapper.insertSelective [BaseJdbcLogger.java : 159] ==> Parameters: 6557d8f0-c722-4a62-b0e9-d63c0cfedcd3(String), admin(String), 2019-02-22 12:38:14(String), false(Boolean), 2019-02-22 12:38:14.094(Timestamp), 登陆系统(String), com.anshare.project.controller.LoginController.login(String), 0(String), admin,AnshareAdmin,SecurityContextHolderAwareRequestWrapper[ FirewalledRequest[ org.apache.catalina.connector.RequestFacade@60e87058]],com.alibaba.druid.support.http.WebStatFilter$StatHttpServletResponseWrapper@11518fc8(String)
2019-02-22 12:38:14,150 DEBUG [http-nio-8085-exec-4] c.a.p.dao.LogMapper.insertSelective [BaseJdbcLogger.java : 159] <==    Updates: 1
2019-02-22 12:38:14,154 DEBUG [http-nio-8085-exec-4] c.a.p.d.L.insertSelective!selectKey [BaseJdbcLogger.java : 159] ==>  Executing: SELECT LAST_INSERT_ID() 
2019-02-22 12:38:14,155 DEBUG [http-nio-8085-exec-4] c.a.p.d.L.insertSelective!selectKey [BaseJdbcLogger.java : 159] <==      Total: 1
2019-02-22 12:39:35,329 DEBUG [restartedMain] com.anshare.project.Application [StartupInfoLogger.java : 53] Running with Spring Boot v2.0.3.RELEASE, Spring v5.0.7.RELEASE
2019-02-22 12:39:47,221 DEBUG [http-nio-8085-exec-1] c.a.p.d.U.selectByCondition [BaseJdbcLogger.java : 159] ==>  Preparing: SELECT ID,DeptID,RoleID,UserName,Password,RealName,Rank,IsDeleted,Timestamp FROM users WHERE ( UserName = ? and Password = ? ) 
2019-02-22 12:39:47,240 DEBUG [http-nio-8085-exec-1] c.a.p.d.U.selectByCondition [BaseJdbcLogger.java : 159] ==> Parameters: admin(String), AnshareAdmin(String)
2019-02-22 12:39:47,259 DEBUG [http-nio-8085-exec-1] c.a.p.d.U.selectByCondition [BaseJdbcLogger.java : 159] <==      Total: 1
2019-02-22 12:39:47,263 DEBUG [http-nio-8085-exec-1] c.a.p.d.R.selectByPrimaryKey [BaseJdbcLogger.java : 159] ==>  Preparing: SELECT ID,RoleAuthName,HomePage,Rank,IsDeleted,Timestamp,RoleName FROM role WHERE ID = ? 
2019-02-22 12:39:47,264 DEBUG [http-nio-8085-exec-1] c.a.p.d.R.selectByPrimaryKey [BaseJdbcLogger.java : 159] ==> Parameters: 00000000-1000-0000-0000-000000000000(String)
2019-02-22 12:39:47,276 DEBUG [http-nio-8085-exec-1] c.a.p.d.R.selectByPrimaryKey [BaseJdbcLogger.java : 159] <==      Total: 1
2019-02-22 12:39:49,067 DEBUG [http-nio-8085-exec-1] c.a.p.dao.LogMapper.insertSelective [BaseJdbcLogger.java : 159] ==>  Preparing: INSERT INTO log ( ID,UserID,OptTime,IsDeleted,Timestamp,Region,Account,OptType,Content ) VALUES( ?,?,?,?,?,?,?,?,? ) 
2019-02-22 12:39:49,070 DEBUG [http-nio-8085-exec-1] c.a.p.dao.LogMapper.insertSelective [BaseJdbcLogger.java : 159] ==> Parameters: bc679384-35eb-4a15-afaf-fbd22c7e3dc1(String), admin(String), 2019-02-22 12:39:49(String), false(Boolean), 2019-02-22 12:39:49.064(Timestamp), 登陆系统(String), com.anshare.project.controller.LoginController.login(String), 0(String), admin,AnshareAdmin,SecurityContextHolderAwareRequestWrapper[ FirewalledRequest[ org.apache.catalina.connector.RequestFacade@500df0d7]],com.alibaba.druid.support.http.WebStatFilter$StatHttpServletResponseWrapper@504cee8a(String)
2019-02-22 12:39:49,131 DEBUG [http-nio-8085-exec-1] c.a.p.dao.LogMapper.insertSelective [BaseJdbcLogger.java : 159] <==    Updates: 1
2019-02-22 12:39:49,136 DEBUG [http-nio-8085-exec-1] c.a.p.d.L.insertSelective!selectKey [BaseJdbcLogger.java : 159] ==>  Executing: SELECT LAST_INSERT_ID() 
2019-02-22 12:39:49,137 DEBUG [http-nio-8085-exec-1] c.a.p.d.L.insertSelective!selectKey [BaseJdbcLogger.java : 159] <==      Total: 1
2019-02-22 16:19:12,768 DEBUG [restartedMain] com.anshare.project.Application [StartupInfoLogger.java : 53] Running with Spring Boot v2.0.3.RELEASE, Spring v5.0.7.RELEASE
